2021-05-02 18:42:19[users.js] info: "Succesfully Retreived Users List"
2021-05-02 18:45:56[users.js] info: "Server Is Up And Running"
2021-05-02 18:49:05[users.js] info: "Server Is Up And Running"
2021-05-02 18:55:26[users.js] info: "Server Is Up And Running"
2021-05-02 18:55:26[users.js] info: "Database Succesfully Connected"
2021-05-02 18:56:12[users.js] info: "Server Is Up And Running"
2021-05-02 18:56:12[users.js] info: "Database Succesfully Connected"
2021-05-02 18:56:12[users.js] info: "Token Succesfully Created In Login Route"
2021-05-02 18:56:13[users.js] info: "Token Succesfully Created In Login Route"
2021-05-02 18:56:13[users.js] info: "Token Succesfully Created In Login Route"
2021-05-02 18:56:13[users.js] info: "Token Succesfully Created In Login Route"
2021-05-02 18:56:13[users.js] info: "Token Succesfully Created In Login Route"
2021-05-02 18:57:15[users.js] info: "Server Is Up And Running"
2021-05-02 18:57:15[users.js] info: "Database Succesfully Connected"
2021-05-02 18:57:41[users.js] info: "Succesfully Retreived Users List"
2021-05-02 18:58:37[users.js] info: "Server Is Up And Running"
2021-05-02 18:59:05[users.js] info: "Server Is Up And Running"
2021-05-02 18:59:05[users.js] info: "Database Succesfully Connected"
2021-05-02 18:59:06[users.js] info: "Token Succesfully Created In Login Route"
2021-05-02 18:59:06[users.js] info: "Successfully Retreived Global Messages"
2021-05-02 18:59:06[users.js] info: "Token Succesfully Created In Login Route"
2021-05-02 18:59:06[users.js] error: "Successfully In Posting Global Messages"
2021-05-02 18:59:06[users.js] info: "Token Succesfully Created In Login Route"
2021-05-02 18:59:06[users.js] info: "Successfully In Getting List Of Users To Which We Have Chated"
2021-05-02 18:59:06[users.js] info: "Token Succesfully Created In Login Route"
2021-05-02 18:59:06[users.js] info: "Successfully In Getting Conversation Between Two Users"
2021-05-02 18:59:06[users.js] info: "Token Succesfully Created In Login Route"
2021-05-02 18:59:06[users.js] info: "Succesful In Posting Private Messages"
2021-05-02 18:59:41[users.js] info: "Server Is Up And Running"
2021-05-02 19:00:26[users.js] info: "Server Is Up And Running"
2021-05-02 19:00:26[users.js] info: "Database Succesfully Connected"
2021-05-02 19:00:40[users.js] info: "Successfully In Getting List Of Users To Which We Have Chated"
2021-05-02 19:00:40[users.js] info: "Successfully Retreived Global Messages"
2021-05-02 19:00:42[users.js] info: "Successfully In Getting Conversation Between Two Users"
2021-05-02 19:00:43[users.js] info: "Succesfully Retreived Users List"
2021-05-02 19:00:46[users.js] info: "Successfully In Getting Conversation Between Two Users"
2021-05-02 19:00:48[users.js] info: "Successfully In Getting List Of Users To Which We Have Chated"
2021-05-02 19:00:49[users.js] info: "Successfully In Getting Conversation Between Two Users"
2021-05-02 19:00:52[users.js] info: "Successfully Retreived Global Messages"
2021-05-02 19:01:42[users.js] info: "Server Is Up And Running"
