2021-05-14 10:51:24[users.js] info: "Server Is Up And Running"
2021-05-14 10:51:34[users.js] error: "Database Connection Failed"
2021-05-14 10:52:50[users.js] info: "Server Is Up And Running"
2021-05-14 10:53:01[users.js] error: "Database Connection Failed"
2021-05-14 10:56:43[users.js] info: "Server Is Up And Running"
2021-05-14 10:56:46[users.js] info: "Database Succesfully Connected"
2021-05-14 11:06:19[users.js] info: "Server Is Up And Running"
2021-05-14 11:06:23[users.js] info: "Database Succesfully Connected"
2021-05-14 11:19:45[users.js] info: "Server Is Up And Running"
2021-05-14 11:19:50[users.js] info: "Database Succesfully Connected"
2021-05-14 11:21:17[users.js] info: "Server Is Up And Running"
2021-05-14 11:21:21[users.js] info: "Database Succesfully Connected"
2021-05-14 11:21:27[users.js] info: "Successfully In Getting List Of Users To Which We Have Chated"
2021-05-14 11:21:27[users.js] info: "Successfully Retreived Global Messages"
2021-05-14 11:21:32[users.js] info: "Succesfully Retreived Users List"
2021-05-14 11:21:33[users.js] info: "Successfully In Getting Conversation Between Two Users"
2021-05-14 11:21:36[users.js] info: "Successfully In Getting List Of Users To Which We Have Chated"
2021-05-14 11:21:41[users.js] info: "Successfully Retreived Global Messages"
2021-05-14 11:21:45[users.js] info: "Succesfully Retreived Users List"
2021-05-14 11:21:46[users.js] info: "Successfully In Getting List Of Users To Which We Have Chated"
2021-05-14 11:23:12[users.js] info: "Successfully In Getting List Of Users To Which We Have Chated"
2021-05-14 11:23:12[users.js] info: "Successfully Retreived Global Messages"
2021-05-14 11:23:17[users.js] info: "Successfully Retreived Global Messages"
2021-05-14 11:23:17[users.js] info: "Successfully In Getting List Of Users To Which We Have Chated"
2021-05-14 11:24:26[users.js] info: "Successfully In Getting List Of Users To Which We Have Chated"
2021-05-14 11:24:26[users.js] info: "Successfully Retreived Global Messages"
2021-05-14 11:25:22[users.js] info: "Successfully In Getting List Of Users To Which We Have Chated"
2021-05-14 11:25:22[users.js] info: "Successfully Retreived Global Messages"
2021-05-14 11:26:52[users.js] info: "Successfully In Getting List Of Users To Which We Have Chated"
2021-05-14 11:26:52[users.js] info: "Successfully Retreived Global Messages"
2021-05-14 11:30:18[users.js] info: "Server Is Up And Running"
2021-05-14 11:30:23[users.js] info: "Database Succesfully Connected"
2021-05-14 11:31:24[users.js] info: "Successfully Retreived Global Messages"
2021-05-14 11:31:25[users.js] info: "Successfully In Getting List Of Users To Which We Have Chated"
2021-05-14 11:31:29[users.js] info: "Successfully In Getting Conversation Between Two Users"
2021-05-14 11:32:08[users.js] info: "Successfully In Getting List Of Users To Which We Have Chated"
2021-05-14 11:32:08[users.js] info: "Successfully Retreived Global Messages"
2021-05-14 11:32:23[users.js] info: "Token Succesfully Created In Login Route"
2021-05-14 11:32:23[users.js] info: "Successfully Retreived Global Messages"
2021-05-14 11:32:23[users.js] info: "Successfully In Getting List Of Users To Which We Have Chated"
2021-05-14 11:32:25[users.js] info: "Successfully In Getting Conversation Between Two Users"
2021-05-14 11:32:59[users.js] info: "Successfully In Getting List Of Users To Which We Have Chated"
2021-05-14 11:32:59[users.js] info: "Successfully Retreived Global Messages"
2021-05-14 11:33:09[users.js] info: "Token Succesfully Created In Login Route"
2021-05-14 11:33:10[users.js] info: "Successfully Retreived Global Messages"
2021-05-14 11:33:10[users.js] info: "Successfully In Getting List Of Users To Which We Have Chated"
