2021-05-12 14:19:39[users.js] info: "Server Is Up And Running"
2021-05-12 14:19:42[users.js] info: "Database Succesfully Connected"
2021-05-12 14:19:58[users.js] info: "Successfully In Getting List Of Users To Which We Have Chated"
2021-05-12 14:20:02[users.js] info: "Successfully Retreived Global Messages"
2021-05-12 14:20:16[users.js] info: "Server Is Up And Running"
2021-05-12 14:20:16[users.js] info: "Database Succesfully Connected"
2021-05-12 14:20:24[users.js] info: "Server Is Up And Running"
2021-05-12 14:20:24[users.js] info: "Database Succesfully Connected"
2021-05-12 14:20:30[users.js] info: "Succesfully Retreived Users List"
2021-05-12 14:20:31[users.js] info: "Successfully In Getting Conversation Between Two Users"
2021-05-12 14:20:33[users.js] info: "Successfully In Getting List Of Users To Which We Have Chated"
2021-05-12 14:20:36[users.js] info: "Succesfully Retreived Users List"
2021-05-12 14:20:38[users.js] info: "Successfully In Getting Conversation Between Two Users"
2021-05-12 14:20:40[users.js] info: "Successfully In Getting List Of Users To Which We Have Chated"
2021-05-12 14:20:43[users.js] info: "Succesfully Retreived Users List"
2021-05-12 14:20:48[users.js] info: "Succesful In Posting Private Messages"
2021-05-12 14:20:48[users.js] info: "Successfully In Getting Conversation Between Two Users"
2021-05-12 14:20:50[users.js] info: "Successfully In Getting List Of Users To Which We Have Chated"
2021-05-12 14:20:53[users.js] info: "Successfully In Getting Conversation Between Two Users"
2021-05-12 14:20:54[users.js] info: "Successfully Retreived Global Messages"
2021-05-12 14:21:27[users.js] info: "Server Is Up And Running"
2021-05-12 14:21:29[users.js] info: "Database Succesfully Connected"
2021-05-12 14:21:41[users.js] info: "Successfully In Getting Conversation Between Two Users"
2021-05-12 14:21:42[users.js] info: "Succesfully Retreived Users List"
2021-05-12 14:21:44[users.js] info: "Successfully In Getting Conversation Between Two Users"
2021-05-12 14:22:14[users.js] info: "Server Is Up And Running"
2021-05-12 14:22:16[users.js] info: "Database Succesfully Connected"
2021-05-12 14:22:28[users.js] info: "Successfully In Getting List Of Users To Which We Have Chated"
2021-05-12 14:22:31[users.js] info: "Successfully Retreived Global Messages"
2021-05-12 14:22:37[users.js] info: "Successfully In Getting Conversation Between Two Users"
2021-05-12 14:23:53[users.js] info: "Successfully In Getting List Of Users To Which We Have Chated"
2021-05-12 14:23:53[users.js] info: "Successfully Retreived Global Messages"
2021-05-12 14:23:55[users.js] info: "Successfully In Getting Conversation Between Two Users"
2021-05-12 14:25:26[users.js] info: "Server Is Up And Running"
2021-05-12 14:25:26[users.js] info: "Database Succesfully Connected"
2021-05-12 14:25:29[users.js] info: "Successfully In Getting List Of Users To Which We Have Chated"
2021-05-12 14:25:29[users.js] info: "Successfully Retreived Global Messages"
2021-05-12 14:25:31[users.js] info: "Successfully In Getting Conversation Between Two Users"
2021-05-12 14:25:32[users.js] info: "Successfully In Getting Conversation Between Two Users"
2021-05-12 14:25:34[users.js] info: "Succesfully Retreived Users List"
2021-05-12 14:25:35[users.js] info: "Successfully In Getting Conversation Between Two Users"
2021-05-12 14:25:36[users.js] info: "Successfully In Getting Conversation Between Two Users"
2021-05-12 14:25:40[users.js] info: "Successfully In Getting Conversation Between Two Users"
2021-05-12 14:25:41[users.js] info: "Successfully In Getting List Of Users To Which We Have Chated"
2021-05-12 14:25:41[users.js] info: "Successfully In Getting Conversation Between Two Users"
2021-05-12 14:25:42[users.js] info: "Successfully In Getting Conversation Between Two Users"
2021-05-12 14:32:31[users.js] info: "Server Is Up And Running"
2021-05-12 14:32:31[users.js] info: "Database Succesfully Connected"
2021-05-12 14:42:10[users.js] info: "Successfully In Getting Conversation Between Two Users"
2021-05-12 14:42:11[users.js] info: "Succesfully Retreived Users List"
2021-05-12 14:42:13[users.js] info: "Successfully In Getting Conversation Between Two Users"
2021-05-12 14:42:13[users.js] info: "Successfully In Getting Conversation Between Two Users"
2021-05-12 14:42:14[users.js] info: "Successfully In Getting Conversation Between Two Users"
2021-05-12 14:42:15[users.js] info: "Successfully In Getting List Of Users To Which We Have Chated"
2021-05-12 15:43:36[users.js] info: "Server Is Up And Running"
2021-05-12 15:43:40[users.js] info: "Database Succesfully Connected"
2021-05-12 15:43:52[users.js] info: "Successfully Retreived Global Messages"
2021-05-12 15:43:52[users.js] info: "Successfully In Getting List Of Users To Which We Have Chated"
2021-05-12 15:47:11[users.js] info: "Token Succesfully Created In Register Route"
2021-05-12 15:47:11[users.js] info: "Successfully In Getting List Of Users To Which We Have Chated"
2021-05-12 15:47:11[users.js] info: "Successfully Retreived Global Messages"
2021-05-12 15:47:14[users.js] info: "Succesfully Retreived Users List"
2021-05-12 15:47:17[users.js] info: "Successfully In Getting List Of Users To Which We Have Chated"
2021-05-12 15:47:18[users.js] info: "Succesfully Retreived Users List"
2021-05-12 15:48:06[users.js] info: "Server Is Up And Running"
2021-05-12 15:48:08[users.js] info: "Database Succesfully Connected"
2021-05-12 15:48:10[users.js] info: "Successfully In Getting List Of Users To Which We Have Chated"
2021-05-12 15:48:12[users.js] info: "Succesfully Retreived Users List"
2021-05-12 15:48:12[users.js] info: "Successfully Retreived Global Messages"
2021-05-12 15:48:20[users.js] info: "Successfully Retreived Global Messages"
2021-05-12 15:48:20[users.js] info: "Successfully In Getting List Of Users To Which We Have Chated"
2021-05-12 15:48:34[users.js] info: "Successfully Retreived Global Messages"
2021-05-12 15:48:34[users.js] info: "Successfully In Getting List Of Users To Which We Have Chated"
2021-05-12 15:48:48[users.js] info: "Server Is Up And Running"
2021-05-12 15:48:48[users.js] info: "Database Succesfully Connected"
2021-05-12 15:48:55[users.js] info: "Successfully In Getting List Of Users To Which We Have Chated"
2021-05-12 15:48:55[users.js] info: "Successfully Retreived Global Messages"
2021-05-12 15:48:57[users.js] info: "Succesfully Retreived Users List"
2021-05-12 15:48:58[users.js] info: "Successfully In Getting Conversation Between Two Users"
2021-05-12 15:48:59[users.js] info: "Successfully In Getting Conversation Between Two Users"
2021-05-12 15:49:02[users.js] info: "Successfully In Getting List Of Users To Which We Have Chated"
2021-05-12 15:49:03[users.js] info: "Successfully Retreived Global Messages"
2021-05-12 16:02:13[users.js] info: "Server Is Up And Running"
2021-05-12 16:02:15[users.js] info: "Database Succesfully Connected"
2021-05-12 16:02:18[users.js] info: "Successfully In Getting List Of Users To Which We Have Chated"
2021-05-12 16:02:20[users.js] info: "Successfully Retreived Global Messages"
2021-05-12 16:04:08[users.js] info: "Server Is Up And Running"
2021-05-12 16:04:08[users.js] info: "Database Succesfully Connected"
2021-05-12 16:04:49[users.js] info: "Successfully In Getting List Of Users To Which We Have Chated"
2021-05-12 16:04:49[users.js] info: "Successfully Retreived Global Messages"
2021-05-12 16:04:50[users.js] info: "Succesfully Retreived Users List"
2021-05-12 16:04:51[users.js] info: "Successfully In Getting Conversation Between Two Users"
2021-05-12 16:04:53[users.js] info: "Successfully In Getting List Of Users To Which We Have Chated"
2021-05-12 16:04:54[users.js] info: "Successfully Retreived Global Messages"
2021-05-12 16:04:57[users.js] info: "Succesfully Retreived Users List"
2021-05-12 16:04:58[users.js] info: "Successfully In Getting Conversation Between Two Users"
2021-05-12 16:05:01[users.js] info: "Succesful In Posting Private Messages"
2021-05-12 16:05:01[users.js] info: "Successfully In Getting Conversation Between Two Users"
2021-05-12 16:05:03[users.js] info: "Successfully In Getting List Of Users To Which We Have Chated"
2021-05-12 16:05:05[users.js] info: "Succesfully Retreived Users List"
2021-05-12 16:05:06[users.js] info: "Successfully In Getting Conversation Between Two Users"
2021-05-12 16:05:14[users.js] info: "Succesful In Posting Private Messages"
2021-05-12 16:05:14[users.js] info: "Successfully In Getting Conversation Between Two Users"
2021-05-12 16:05:16[users.js] info: "Successfully In Getting List Of Users To Which We Have Chated"
2021-05-12 16:05:18[users.js] info: "Successfully In Getting Conversation Between Two Users"
2021-05-12 16:06:37[users.js] info: "Succesfully Retreived Users List"
2021-05-12 16:06:38[users.js] info: "Successfully In Getting Conversation Between Two Users"
2021-05-12 16:06:40[users.js] info: "Successfully In Getting Conversation Between Two Users"
2021-05-12 16:06:41[users.js] info: "Successfully In Getting Conversation Between Two Users"
2021-05-12 16:06:42[users.js] info: "Successfully In Getting List Of Users To Which We Have Chated"
2021-05-12 16:06:43[users.js] info: "Successfully In Getting Conversation Between Two Users"
2021-05-12 16:06:58[users.js] info: "Server Is Up And Running"
2021-05-12 16:07:01[users.js] info: "Database Succesfully Connected"
2021-05-12 16:12:48[users.js] info: "Server Is Up And Running"
2021-05-12 16:12:48[users.js] info: "Database Succesfully Connected"
2021-05-12 16:13:09[users.js] info: "Successfully In Getting Conversation Between Two Users"
2021-05-12 16:13:09[users.js] info: "Successfully In Getting Conversation Between Two Users"
2021-05-12 16:13:11[users.js] info: "Succesfully Retreived Users List"
2021-05-12 16:13:11[users.js] info: "Successfully In Getting Conversation Between Two Users"
2021-05-12 16:13:12[users.js] info: "Successfully In Getting Conversation Between Two Users"
2021-05-12 16:13:12[users.js] info: "Successfully In Getting Conversation Between Two Users"
2021-05-12 16:13:20[users.js] info: "Server Is Up And Running"
2021-05-12 16:13:23[users.js] info: "Database Succesfully Connected"
2021-05-12 16:13:27[users.js] info: "Successfully In Getting Conversation Between Two Users"
2021-05-12 16:13:29[users.js] info: "Successfully In Getting List Of Users To Which We Have Chated"
2021-05-12 16:13:29[users.js] info: "Successfully Retreived Global Messages"
2021-05-12 16:14:10[users.js] info: "Successfully In Getting List Of Users To Which We Have Chated"
2021-05-12 16:14:12[users.js] info: "Successfully Retreived Global Messages"
2021-05-12 16:14:12[users.js] info: "Succesfully Retreived Users List"
2021-05-12 16:14:20[users.js] info: "Successfully In Getting List Of Users To Which We Have Chated"
2021-05-12 16:14:20[users.js] info: "Successfully Retreived Global Messages"
2021-05-12 16:18:47[users.js] info: "Server Is Up And Running"
2021-05-12 16:18:47[users.js] info: "Database Succesfully Connected"
2021-05-12 16:18:48[users.js] info: "Successfully In Getting List Of Users To Which We Have Chated"
2021-05-12 16:18:49[users.js] info: "Successfully Retreived Global Messages"
2021-05-12 16:18:51[users.js] info: "Successfully In Getting Conversation Between Two Users"
2021-05-12 16:18:54[users.js] info: "Successfully In Getting Conversation Between Two Users"
2021-05-12 16:18:55[users.js] info: "Succesfully Retreived Users List"
2021-05-12 16:18:57[users.js] info: "Successfully In Getting Conversation Between Two Users"
2021-05-12 16:18:57[users.js] info: "Successfully In Getting Conversation Between Two Users"
2021-05-12 16:20:01[users.js] info: "Successfully In Getting List Of Users To Which We Have Chated"
2021-05-12 16:20:07[users.js] info: "Successfully In Getting Conversation Between Two Users"
2021-05-12 16:20:35[users.js] info: "Server Is Up And Running"
2021-05-12 16:20:37[users.js] info: "Database Succesfully Connected"
2021-05-12 16:23:10[users.js] info: "Server Is Up And Running"
2021-05-12 16:23:12[users.js] info: "Database Succesfully Connected"
2021-05-12 16:23:23[users.js] info: "Successfully Retreived Global Messages"
2021-05-12 16:23:58[users.js] info: "Server Is Up And Running"
2021-05-12 16:24:03[users.js] info: "Database Succesfully Connected"
2021-05-12 16:26:44[users.js] info: "Server Is Up And Running"
2021-05-12 16:26:46[users.js] info: "Database Succesfully Connected"
2021-05-12 16:27:00[users.js] info: "Server Is Up And Running"
2021-05-12 16:27:02[users.js] info: "Database Succesfully Connected"
2021-05-12 16:28:06[users.js] info: "Server Is Up And Running"
2021-05-12 16:28:08[users.js] info: "Database Succesfully Connected"
2021-05-12 16:28:09[users.js] info: "Successfully In Getting List Of Users To Which We Have Chated"
2021-05-12 16:28:11[users.js] info: "Successfully Retreived Global Messages"
2021-05-12 16:28:16[users.js] info: "Succesfully Retreived Users List"
2021-05-12 16:28:17[users.js] info: "Successfully In Getting Conversation Between Two Users"
2021-05-12 16:28:18[users.js] info: "Successfully In Getting Conversation Between Two Users"
2021-05-12 16:28:19[users.js] info: "Successfully In Getting List Of Users To Which We Have Chated"
2021-05-12 16:28:20[users.js] info: "Successfully Retreived Global Messages"
2021-05-12 16:28:21[users.js] info: "Succesfully Retreived Users List"
2021-05-12 16:28:22[users.js] info: "Successfully In Getting Conversation Between Two Users"
2021-05-12 16:28:27[users.js] info: "Succesful In Posting Private Messages"
2021-05-12 16:28:27[users.js] info: "Successfully In Getting Conversation Between Two Users"
2021-05-12 16:29:03[users.js] info: "Successfully In Getting List Of Users To Which We Have Chated"
2021-05-12 16:29:03[users.js] info: "Successfully Retreived Global Messages"
2021-05-12 16:29:06[users.js] info: "Succesfully Retreived Users List"
2021-05-12 16:29:07[users.js] info: "Successfully In Getting Conversation Between Two Users"
2021-05-12 16:29:18[users.js] info: "Successfully In Getting List Of Users To Which We Have Chated"
2021-05-12 16:29:18[users.js] info: "Successfully Retreived Global Messages"
2021-05-12 16:32:18[users.js] info: "Server Is Up And Running"
2021-05-12 16:32:21[users.js] info: "Database Succesfully Connected"
2021-05-12 16:32:30[users.js] info: "Server Is Up And Running"
2021-05-12 16:32:32[users.js] info: "Database Succesfully Connected"
2021-05-12 16:32:34[users.js] info: "Successfully In Getting List Of Users To Which We Have Chated"
2021-05-12 16:33:43[users.js] info: "Server Is Up And Running"
2021-05-12 16:33:46[users.js] info: "Database Succesfully Connected"
2021-05-12 16:34:01[users.js] info: "Successfully In Getting List Of Users To Which We Have Chated"
2021-05-12 16:34:03[users.js] info: "Successfully Retreived Global Messages"
2021-05-12 16:34:19[users.js] info: "Successfully In Getting List Of Users To Which We Have Chated"
2021-05-12 16:34:19[users.js] info: "Successfully Retreived Global Messages"
2021-05-12 16:34:27[users.js] info: "Successfully In Getting List Of Users To Which We Have Chated"
2021-05-12 16:34:29[users.js] info: "Successfully Retreived Global Messages"
2021-05-12 16:34:40[users.js] info: "Succesfully Retreived Users List"
2021-05-12 16:34:40[users.js] info: "Successfully In Getting List Of Users To Which We Have Chated"
2021-05-12 16:34:47[users.js] info: "Successfully In Getting List Of Users To Which We Have Chated"
2021-05-12 16:34:47[users.js] info: "Successfully Retreived Global Messages"
2021-05-12 16:34:47[users.js] error: "Successfully In Posting Global Messages"
2021-05-12 16:34:52[users.js] info: "Successfully In Getting List Of Users To Which We Have Chated"
2021-05-12 16:34:52[users.js] info: "Successfully Retreived Global Messages"
2021-05-12 16:34:56[users.js] info: "Successfully In Getting List Of Users To Which We Have Chated"
2021-05-12 16:34:56[users.js] info: "Successfully Retreived Global Messages"
2021-05-12 16:34:59[users.js] info: "Succesfully Retreived Users List"
2021-05-12 16:35:00[users.js] info: "Successfully In Getting List Of Users To Which We Have Chated"
2021-05-12 16:35:01[users.js] info: "Successfully In Getting Conversation Between Two Users"
2021-05-12 16:36:19[users.js] info: "Server Is Up And Running"
2021-05-12 16:36:21[users.js] info: "Database Succesfully Connected"
2021-05-12 16:40:21[users.js] info: "Server Is Up And Running"
2021-05-12 16:40:23[users.js] info: "Database Succesfully Connected"
2021-05-12 16:41:49[users.js] info: "Server Is Up And Running"
2021-05-12 16:41:55[users.js] info: "Database Succesfully Connected"
2021-05-12 16:42:44[users.js] info: "Server Is Up And Running"
2021-05-12 16:42:46[users.js] info: "Database Succesfully Connected"
2021-05-12 16:46:10[users.js] error: "Error In Getting List Of Users To Which We Have Chated"
2021-05-12 16:46:10[users.js] error: "Error in Retreiving Global Messages"
2021-05-12 16:47:32[users.js] info: "Server Is Up And Running"
2021-05-12 16:47:44[users.js] info: "Database Succesfully Connected"
2021-05-12 16:47:46[users.js] info: "Successfully In Getting List Of Users To Which We Have Chated"
2021-05-12 16:47:48[users.js] info: "Successfully Retreived Global Messages"
2021-05-12 16:49:10[users.js] info: "Server Is Up And Running"
2021-05-12 16:49:25[users.js] info: "Server Is Up And Running"
2021-05-12 16:49:38[users.js] info: "Database Succesfully Connected"
2021-05-12 16:49:38[users.js] info: "Successfully In Getting List Of Users To Which We Have Chated"
2021-05-12 16:49:40[users.js] info: "Successfully Retreived Global Messages"
2021-05-12 16:50:47[users.js] info: "Server Is Up And Running"
2021-05-12 16:50:55[users.js] info: "Server Is Up And Running"
2021-05-12 16:51:11[users.js] info: "Database Succesfully Connected"
2021-05-12 16:51:11[users.js] info: "Successfully In Getting List Of Users To Which We Have Chated"
2021-05-12 16:51:13[users.js] info: "Successfully Retreived Global Messages"
2021-05-12 16:51:52[users.js] info: "Successfully Retreived Global Messages"
2021-05-12 16:51:52[users.js] info: "Successfully In Getting List Of Users To Which We Have Chated"
2021-05-12 16:54:13[users.js] info: "Server Is Up And Running"
2021-05-12 16:54:14[users.js] info: "Database Succesfully Connected"
2021-05-12 16:54:16[users.js] info: "Successfully In Getting List Of Users To Which We Have Chated"
2021-05-12 16:54:16[users.js] info: "Successfully Retreived Global Messages"
2021-05-12 16:54:26[users.js] info: "Successfully In Getting Conversation Between Two Users"
2021-05-12 16:54:27[users.js] info: "Successfully Retreived Global Messages"
2021-05-12 16:54:30[users.js] info: "Succesfully Retreived Users List"
2021-05-12 16:54:31[users.js] info: "Successfully In Getting Conversation Between Two Users"
2021-05-12 16:54:33[users.js] info: "Successfully In Getting Conversation Between Two Users"
2021-05-12 16:54:33[users.js] info: "Successfully In Getting Conversation Between Two Users"
2021-05-12 16:54:34[users.js] info: "Successfully In Getting List Of Users To Which We Have Chated"
2021-05-12 16:54:35[users.js] info: "Successfully Retreived Global Messages"
2021-05-12 16:54:40[users.js] info: "Successfully In Getting Conversation Between Two Users"
2021-05-12 16:54:41[users.js] info: "Successfully In Getting Conversation Between Two Users"
2021-05-12 16:54:43[users.js] info: "Successfully In Getting Conversation Between Two Users"
2021-05-12 16:54:45[users.js] info: "Successfully Retreived Global Messages"
2021-05-12 16:54:49[users.js] info: "Successfully In Getting Conversation Between Two Users"
2021-05-12 16:54:49[users.js] info: "Successfully In Getting Conversation Between Two Users"
2021-05-12 16:54:52[users.js] info: "Successfully Retreived Global Messages"
2021-05-12 16:55:54[users.js] info: "Successfully In Getting List Of Users To Which We Have Chated"
2021-05-12 16:55:54[users.js] info: "Successfully Retreived Global Messages"
2021-05-12 16:56:00[users.js] info: "Server Is Up And Running"
2021-05-12 16:56:00[users.js] info: "Database Succesfully Connected"
2021-05-12 16:56:48[users.js] info: "Successfully In Getting List Of Users To Which We Have Chated"
2021-05-12 16:56:48[users.js] info: "Successfully Retreived Global Messages"
2021-05-12 16:57:34[users.js] info: "Server Is Up And Running"
2021-05-12 16:57:34[users.js] info: "Database Succesfully Connected"
2021-05-12 16:59:56[users.js] info: "Server Is Up And Running"
2021-05-12 16:59:56[users.js] info: "Database Succesfully Connected"
2021-05-12 16:59:56[users.js] info: "Successfully In Getting List Of Users To Which We Have Chated"
2021-05-12 16:59:57[users.js] info: "Successfully Retreived Global Messages"
2021-05-12 17:03:28[users.js] info: "Server Is Up And Running"
2021-05-12 17:03:28[users.js] info: "Database Succesfully Connected"
2021-05-12 17:03:38[users.js] info: "Successfully In Getting List Of Users To Which We Have Chated"
2021-05-12 17:03:38[users.js] info: "Successfully Retreived Global Messages"
2021-05-12 17:04:51[users.js] info: "Server Is Up And Running"
2021-05-12 17:05:03[users.js] info: "Database Succesfully Connected"
2021-05-12 17:05:17[users.js] info: "Successfully In Getting List Of Users To Which We Have Chated"
2021-05-12 17:05:19[users.js] info: "Successfully Retreived Global Messages"
2021-05-12 17:05:24[users.js] info: "Successfully In Getting List Of Users To Which We Have Chated"
2021-05-12 17:05:24[users.js] info: "Successfully Retreived Global Messages"
2021-05-12 17:05:29[users.js] info: "Successfully Retreived Global Messages"
2021-05-12 17:05:29[users.js] info: "Successfully In Getting List Of Users To Which We Have Chated"
2021-05-12 17:06:43[users.js] info: "Successfully In Getting List Of Users To Which We Have Chated"
2021-05-12 17:06:44[users.js] info: "Successfully Retreived Global Messages"
2021-05-12 17:07:11[users.js] info: "Server Is Up And Running"
2021-05-12 17:07:24[users.js] info: "Database Succesfully Connected"
2021-05-12 17:09:27[users.js] info: "Successfully In Getting List Of Users To Which We Have Chated"
2021-05-12 17:09:29[users.js] info: "Successfully Retreived Global Messages"
2021-05-12 17:09:44[users.js] info: "Successfully In Getting List Of Users To Which We Have Chated"
2021-05-12 17:09:44[users.js] info: "Successfully Retreived Global Messages"
2021-05-12 17:13:42[users.js] info: "Successfully In Getting List Of Users To Which We Have Chated"
2021-05-12 17:13:42[users.js] info: "Successfully Retreived Global Messages"
2021-05-12 17:13:52[users.js] info: "Successfully In Getting List Of Users To Which We Have Chated"
2021-05-12 17:13:52[users.js] info: "Successfully Retreived Global Messages"
2021-05-12 17:15:27[users.js] info: "Successfully In Getting List Of Users To Which We Have Chated"
2021-05-12 17:15:27[users.js] info: "Successfully Retreived Global Messages"
2021-05-12 17:15:33[users.js] info: "Successfully In Getting List Of Users To Which We Have Chated"
2021-05-12 17:15:33[users.js] info: "Successfully Retreived Global Messages"
2021-05-12 17:15:51[users.js] info: "Successfully In Getting List Of Users To Which We Have Chated"
2021-05-12 17:15:51[users.js] info: "Successfully Retreived Global Messages"
2021-05-12 17:15:57[users.js] info: "Successfully In Getting List Of Users To Which We Have Chated"
2021-05-12 17:15:57[users.js] info: "Successfully Retreived Global Messages"
2021-05-12 17:16:44[users.js] info: "Server Is Up And Running"
2021-05-12 17:16:44[users.js] info: "Database Succesfully Connected"
2021-05-12 17:16:48[users.js] info: "Successfully In Getting List Of Users To Which We Have Chated"
2021-05-12 17:16:48[users.js] info: "Successfully Retreived Global Messages"
2021-05-12 17:18:41[users.js] info: "Server Is Up And Running"
2021-05-12 17:18:41[users.js] info: "Database Succesfully Connected"
2021-05-12 17:18:54[users.js] info: "Successfully In Getting List Of Users To Which We Have Chated"
2021-05-12 17:18:54[users.js] info: "Successfully Retreived Global Messages"
2021-05-12 17:19:32[users.js] info: "Server Is Up And Running"
2021-05-12 17:19:44[users.js] info: "Database Succesfully Connected"
2021-05-12 17:19:45[users.js] info: "Successfully In Getting List Of Users To Which We Have Chated"
2021-05-12 17:19:46[users.js] info: "Successfully Retreived Global Messages"
2021-05-12 17:20:03[users.js] info: "Successfully In Getting List Of Users To Which We Have Chated"
2021-05-12 17:20:03[users.js] info: "Successfully Retreived Global Messages"
2021-05-12 17:21:57[users.js] error: "Error In Token Verification Middleware"
2021-05-12 17:22:37[users.js] info: "Successfully In Getting List Of Users To Which We Have Chated"
2021-05-12 17:22:37[users.js] info: "Successfully Retreived Global Messages"
2021-05-12 17:23:18[users.js] info: "Successfully In Getting List Of Users To Which We Have Chated"
2021-05-12 17:23:18[users.js] info: "Successfully Retreived Global Messages"
2021-05-12 17:23:31[users.js] info: "Successfully In Getting List Of Users To Which We Have Chated"
2021-05-12 17:23:31[users.js] info: "Successfully Retreived Global Messages"
2021-05-12 17:24:06[users.js] info: "Server Is Up And Running"
2021-05-12 17:24:19[users.js] info: "Database Succesfully Connected"
2021-05-12 17:24:44[users.js] info: "Server Is Up And Running"
2021-05-12 17:25:11[users.js] info: "Database Succesfully Connected"
2021-05-12 17:26:39[users.js] info: "Server Is Up And Running"
2021-05-12 17:26:51[users.js] info: "Database Succesfully Connected"
2021-05-12 17:26:52[users.js] info: "Successfully In Getting List Of Users To Which We Have Chated"
2021-05-12 17:26:53[users.js] info: "Successfully Retreived Global Messages"
2021-05-12 17:27:22[users.js] info: "Server Is Up And Running"
2021-05-12 17:27:34[users.js] info: "Database Succesfully Connected"
2021-05-12 17:27:37[users.js] info: "Successfully In Getting Conversation Between Two Users"
2021-05-12 17:27:59[users.js] info: "Succesfully Retreived Users List"
2021-05-12 17:28:05[users.js] info: "Successfully In Getting Conversation Between Two Users"
2021-05-12 17:28:28[users.js] info: "Successfully In Getting Conversation Between Two Users"
2021-05-12 17:29:59[users.js] info: "Token Succesfully Created In Register Route"
2021-05-12 17:29:59[users.js] info: "Successfully In Getting List Of Users To Which We Have Chated"
2021-05-12 17:30:01[users.js] info: "Successfully Retreived Global Messages"
2021-05-12 17:30:03[users.js] info: "Succesfully Retreived Users List"
2021-05-12 17:30:05[users.js] info: "Successfully In Getting List Of Users To Which We Have Chated"
2021-05-12 17:30:18[users.js] info: "Succesfully Retreived Users List"
2021-05-12 17:30:20[users.js] info: "Successfully In Getting Conversation Between Two Users"
2021-05-12 17:30:21[users.js] info: "Successfully In Getting Conversation Between Two Users"
2021-05-12 17:30:25[users.js] info: "Succesful In Posting Private Messages"
2021-05-12 17:30:25[users.js] info: "Successfully In Getting Conversation Between Two Users"
2021-05-12 17:30:28[users.js] info: "Successfully In Getting List Of Users To Which We Have Chated"
2021-05-12 17:30:32[users.js] info: "Succesfully Retreived Users List"
2021-05-12 17:30:35[users.js] info: "Successfully In Getting Conversation Between Two Users"
2021-05-12 17:30:40[users.js] info: "Succesful In Posting Private Messages"
2021-05-12 17:30:42[users.js] info: "Successfully In Getting List Of Users To Which We Have Chated"
2021-05-12 17:30:46[users.js] info: "Succesfully Retreived Users List"
2021-05-12 17:30:47[users.js] info: "Successfully In Getting List Of Users To Which We Have Chated"
2021-05-12 17:31:46[users.js] info: "Token Succesfully Created In Register Route"
2021-05-12 17:31:46[users.js] info: "Successfully In Getting List Of Users To Which We Have Chated"
2021-05-12 17:31:46[users.js] info: "Successfully Retreived Global Messages"
2021-05-12 17:32:32[users.js] info: "Successfully In Getting List Of Users To Which We Have Chated"
2021-05-12 17:32:32[users.js] info: "Successfully Retreived Global Messages"
2021-05-12 17:33:28[users.js] info: "Successfully In Getting List Of Users To Which We Have Chated"
2021-05-12 17:33:28[users.js] info: "Successfully Retreived Global Messages"
2021-05-12 17:37:51[users.js] info: "Server Is Up And Running"
2021-05-12 17:37:51[users.js] info: "Database Succesfully Connected"
2021-05-12 17:38:09[users.js] info: "Successfully In Getting List Of Users To Which We Have Chated"
2021-05-12 17:38:09[users.js] info: "Successfully Retreived Global Messages"
2021-05-12 17:38:14[users.js] info: "Succesfully Retreived Users List"
2021-05-12 17:38:15[users.js] info: "Successfully In Getting List Of Users To Which We Have Chated"
2021-05-12 17:38:17[users.js] info: "Succesfully Retreived Users List"
2021-05-12 17:38:18[users.js] info: "Successfully In Getting Conversation Between Two Users"
2021-05-12 17:38:20[users.js] info: "Successfully In Getting Conversation Between Two Users"
2021-05-12 17:38:21[users.js] info: "Successfully In Getting Conversation Between Two Users"
2021-05-12 17:38:21[users.js] info: "Successfully In Getting Conversation Between Two Users"
2021-05-12 17:38:22[users.js] info: "Successfully In Getting Conversation Between Two Users"
2021-05-12 17:38:23[users.js] info: "Successfully In Getting Conversation Between Two Users"
2021-05-12 17:38:23[users.js] info: "Successfully In Getting Conversation Between Two Users"
2021-05-12 17:38:24[users.js] info: "Successfully In Getting Conversation Between Two Users"
2021-05-12 17:38:24[users.js] info: "Successfully In Getting Conversation Between Two Users"
2021-05-12 17:38:39[users.js] info: "Server Is Up And Running"
2021-05-12 17:38:54[users.js] info: "Database Succesfully Connected"
2021-05-12 17:38:54[users.js] info: "Succesfully Retreived Users List"
2021-05-12 17:38:56[users.js] info: "Successfully In Getting List Of Users To Which We Have Chated"
2021-05-12 17:38:58[users.js] info: "Successfully Retreived Global Messages"
2021-05-12 17:39:13[users.js] info: "Token Succesfully Created In Login Route"
2021-05-12 17:39:14[users.js] info: "Successfully Retreived Global Messages"
2021-05-12 17:39:14[users.js] info: "Successfully In Getting List Of Users To Which We Have Chated"
2021-05-12 17:39:54[users.js] info: "Successfully In Getting List Of Users To Which We Have Chated"
2021-05-12 17:39:54[users.js] info: "Successfully Retreived Global Messages"
2021-05-12 17:45:06[users.js] info: "Server Is Up And Running"
2021-05-12 17:45:22[users.js] info: "Successfully In Getting List Of Users To Which We Have Chated"
2021-05-12 17:45:24[users.js] info: "Successfully Retreived Global Messages"
2021-05-12 17:45:32[users.js] info: "Database Succesfully Connected"
2021-05-12 17:56:18[users.js] info: "Successfully In Getting List Of Users To Which We Have Chated"
2021-05-12 17:56:18[users.js] info: "Successfully Retreived Global Messages"
2021-05-12 17:56:22[users.js] info: "Successfully In Getting List Of Users To Which We Have Chated"
2021-05-12 17:56:22[users.js] info: "Successfully Retreived Global Messages"
2021-05-12 17:56:27[users.js] info: "Successfully In Getting List Of Users To Which We Have Chated"
2021-05-12 17:56:27[users.js] info: "Successfully Retreived Global Messages"
2021-05-12 17:56:39[users.js] info: "Successfully In Getting List Of Users To Which We Have Chated"
2021-05-12 17:56:39[users.js] info: "Successfully Retreived Global Messages"
2021-05-12 17:58:11[users.js] info: "Server Is Up And Running"
2021-05-12 17:58:26[users.js] info: "Database Succesfully Connected"
2021-05-12 17:58:28[users.js] info: "Successfully In Getting List Of Users To Which We Have Chated"
2021-05-12 17:58:29[users.js] info: "Successfully Retreived Global Messages"
2021-05-12 17:58:51[users.js] info: "Successfully In Getting List Of Users To Which We Have Chated"
2021-05-12 17:58:51[users.js] info: "Successfully Retreived Global Messages"
2021-05-12 17:58:57[users.js] info: "Successfully In Getting List Of Users To Which We Have Chated"
2021-05-12 17:58:58[users.js] info: "Successfully Retreived Global Messages"
2021-05-12 17:59:44[users.js] info: "Successfully In Getting List Of Users To Which We Have Chated"
2021-05-12 17:59:44[users.js] info: "Successfully Retreived Global Messages"
2021-05-12 18:00:34[users.js] info: "Successfully In Getting List Of Users To Which We Have Chated"
2021-05-12 18:00:34[users.js] info: "Successfully Retreived Global Messages"
2021-05-12 18:00:42[users.js] info: "Successfully In Getting List Of Users To Which We Have Chated"
2021-05-12 18:00:42[users.js] info: "Successfully Retreived Global Messages"
2021-05-12 18:01:41[users.js] info: "Server Is Up And Running"
2021-05-12 18:01:42[users.js] info: "Database Succesfully Connected"
2021-05-12 18:01:42[users.js] info: "Successfully In Getting List Of Users To Which We Have Chated"
2021-05-12 18:01:42[users.js] info: "Successfully Retreived Global Messages"
2021-05-12 18:01:57[users.js] info: "Successfully Retreived Global Messages"
2021-05-12 18:01:57[users.js] info: "Successfully In Getting List Of Users To Which We Have Chated"
2021-05-12 18:02:13[users.js] info: "Successfully In Getting List Of Users To Which We Have Chated"
2021-05-12 18:02:13[users.js] info: "Successfully Retreived Global Messages"
2021-05-12 18:03:25[users.js] info: "Server Is Up And Running"
2021-05-12 18:03:41[users.js] info: "Database Succesfully Connected"
2021-05-12 18:04:21[users.js] info: "Token Succesfully Created In Register Route"
2021-05-12 18:04:22[users.js] info: "Successfully In Getting List Of Users To Which We Have Chated"
2021-05-12 18:04:24[users.js] info: "Successfully Retreived Global Messages"
2021-05-12 18:07:38[users.js] info: "Successfully In Getting List Of Users To Which We Have Chated"
2021-05-12 18:07:38[users.js] info: "Successfully Retreived Global Messages"
2021-05-12 18:12:57[users.js] info: "Token Succesfully Created In Register Route"
2021-05-12 18:12:57[users.js] info: "Successfully In Getting List Of Users To Which We Have Chated"
2021-05-12 18:12:57[users.js] info: "Successfully Retreived Global Messages"
2021-05-12 18:13:04[users.js] info: "Succesfully Retreived Users List"
2021-05-12 18:13:04[users.js] info: "Successfully In Getting List Of Users To Which We Have Chated"
2021-05-12 18:13:31[users.js] info: "Token Succesfully Created In Register Route"
2021-05-12 18:13:32[users.js] info: "Successfully In Getting List Of Users To Which We Have Chated"
2021-05-12 18:13:32[users.js] info: "Successfully Retreived Global Messages"
2021-05-12 18:13:56[users.js] info: "Succesfully Retreived Users List"
2021-05-12 18:14:20[users.js] info: "Token Succesfully Created In Login Route"
2021-05-12 18:14:21[users.js] info: "Successfully In Getting List Of Users To Which We Have Chated"
2021-05-12 18:14:21[users.js] info: "Successfully Retreived Global Messages"
2021-05-12 18:14:22[users.js] info: "Succesfully Retreived Users List"
2021-05-12 18:14:23[users.js] info: "Successfully In Getting List Of Users To Which We Have Chated"
2021-05-12 18:14:43[users.js] info: "Successfully In Posting Global Messages"
2021-05-12 18:14:43[users.js] info: "Successfully Retreived Global Messages"
2021-05-12 18:14:45[users.js] info: "Successfully Retreived Global Messages"
2021-05-12 18:14:45[users.js] info: "Successfully In Getting List Of Users To Which We Have Chated"
2021-05-12 18:14:49[users.js] info: "Succesfully Retreived Users List"
2021-05-12 18:14:49[users.js] info: "Successfully In Getting Conversation Between Two Users"
2021-05-12 18:14:52[users.js] info: "Successfully In Getting List Of Users To Which We Have Chated"
2021-05-12 18:14:54[users.js] info: "Successfully In Getting List Of Users To Which We Have Chated"
2021-05-12 18:14:54[users.js] info: "Successfully Retreived Global Messages"
2021-05-12 18:15:08[users.js] info: "Successfully In Getting Conversation Between Two Users"
2021-05-12 18:15:11[users.js] info: "Successfully In Getting List Of Users To Which We Have Chated"
2021-05-12 18:15:11[users.js] info: "Succesfully Retreived Users List"
2021-05-12 18:15:14[users.js] info: "Successfully In Getting List Of Users To Which We Have Chated"
2021-05-12 18:15:15[users.js] info: "Successfully In Getting List Of Users To Which We Have Chated"
2021-05-12 18:15:15[users.js] info: "Successfully Retreived Global Messages"
2021-05-12 18:15:19[users.js] info: "Succesfully Retreived Users List"
2021-05-12 18:15:20[users.js] info: "Successfully In Getting Conversation Between Two Users"
2021-05-12 18:15:21[users.js] info: "Successfully In Getting List Of Users To Which We Have Chated"
2021-05-12 18:15:27[users.js] info: "Successfully In Getting List Of Users To Which We Have Chated"
2021-05-12 18:15:27[users.js] info: "Successfully In Getting Conversation Between Two Users"
2021-05-12 18:15:27[users.js] info: "Succesful In Posting Private Messages"
2021-05-12 18:15:29[users.js] info: "Successfully Retreived Global Messages"
2021-05-12 18:15:29[users.js] info: "Successfully In Getting List Of Users To Which We Have Chated"
2021-05-12 18:15:34[users.js] info: "Successfully In Getting List Of Users To Which We Have Chated"
2021-05-12 18:15:34[users.js] info: "Successfully Retreived Global Messages"
2021-05-12 18:15:38[users.js] info: "Successfully In Getting Conversation Between Two Users"
2021-05-12 18:15:40[users.js] info: "Succesfully Retreived Users List"
2021-05-12 18:15:45[users.js] info: "Successfully In Getting List Of Users To Which We Have Chated"
2021-05-12 18:15:45[users.js] info: "Successfully Retreived Global Messages"
2021-05-12 18:15:51[users.js] info: "Successfully Retreived Global Messages"
2021-05-12 18:15:51[users.js] info: "Successfully In Getting List Of Users To Which We Have Chated"
2021-05-12 18:16:01[users.js] info: "Successfully In Getting Conversation Between Two Users"
2021-05-12 18:16:28[users.js] info: "Successfully In Getting Conversation Between Two Users"
2021-05-12 18:16:55[users.js] info: "Successfully Retreived Global Messages"
2021-05-12 18:16:56[users.js] info: "Succesfully Retreived Users List"
2021-05-12 18:16:57[users.js] info: "Successfully In Getting Conversation Between Two Users"
2021-05-12 18:16:58[users.js] info: "Successfully In Getting List Of Users To Which We Have Chated"
2021-05-12 18:17:16[users.js] info: "Succesful In Posting Private Messages"
2021-05-12 18:17:16[users.js] info: "Successfully In Getting List Of Users To Which We Have Chated"
2021-05-12 18:17:16[users.js] info: "Successfully In Getting Conversation Between Two Users"
2021-05-12 18:17:16[users.js] info: "Successfully In Getting Conversation Between Two Users"
2021-05-12 18:17:21[users.js] info: "Successfully In Getting List Of Users To Which We Have Chated"
2021-05-12 18:17:28[users.js] info: "Succesful In Posting Private Messages"
2021-05-12 18:17:28[users.js] info: "Successfully In Getting List Of Users To Which We Have Chated"
2021-05-12 18:17:28[users.js] info: "Successfully In Getting Conversation Between Two Users"
2021-05-12 18:17:28[users.js] info: "Successfully In Getting Conversation Between Two Users"
2021-05-12 18:17:28[users.js] info: "Successfully In Getting List Of Users To Which We Have Chated"
2021-05-12 18:17:44[users.js] info: "Succesful In Posting Private Messages"
2021-05-12 18:17:44[users.js] info: "Successfully In Getting Conversation Between Two Users"
2021-05-12 18:17:44[users.js] info: "Successfully In Getting List Of Users To Which We Have Chated"
2021-05-12 18:17:44[users.js] info: "Successfully In Getting Conversation Between Two Users"
2021-05-12 18:17:44[users.js] info: "Successfully In Getting List Of Users To Which We Have Chated"
2021-05-12 18:18:14[users.js] info: "Succesfully Retreived Users List"
2021-05-12 18:18:16[users.js] info: "Successfully In Getting List Of Users To Which We Have Chated"
2021-05-12 18:18:34[users.js] info: "Succesful In Posting Private Messages"
2021-05-12 18:18:34[users.js] info: "Successfully In Getting Conversation Between Two Users"
2021-05-12 18:18:34[users.js] info: "Successfully In Getting List Of Users To Which We Have Chated"
2021-05-12 18:18:34[users.js] info: "Successfully In Getting List Of Users To Which We Have Chated"
2021-05-12 18:18:34[users.js] info: "Successfully In Getting Conversation Between Two Users"
2021-05-12 18:19:01[users.js] info: "Successfully Retreived Global Messages"
2021-05-12 18:19:06[users.js] info: "Successfully In Posting Global Messages"
2021-05-12 18:19:06[users.js] info: "Successfully Retreived Global Messages"
2021-05-12 18:19:06[users.js] info: "Successfully In Getting List Of Users To Which We Have Chated"
2021-05-12 18:19:06[users.js] info: "Successfully In Getting Conversation Between Two Users"
2021-05-12 18:19:06[users.js] info: "Successfully In Getting List Of Users To Which We Have Chated"
2021-05-12 18:19:12[users.js] info: "Successfully Retreived Global Messages"
2021-05-12 18:19:16[users.js] info: "Successfully In Getting Conversation Between Two Users"
2021-05-12 18:20:27[users.js] info: "Successfully Retreived Global Messages"
2021-05-12 18:20:28[users.js] info: "Succesfully Retreived Users List"
2021-05-12 18:20:29[users.js] info: "Successfully In Getting Conversation Between Two Users"
2021-05-12 18:20:31[users.js] info: "Successfully In Getting List Of Users To Which We Have Chated"
2021-05-12 18:20:38[users.js] info: "Successfully In Getting Conversation Between Two Users"
2021-05-12 18:21:10[users.js] info: "Succesfully Retreived Users List"
2021-05-12 18:21:12[users.js] info: "Successfully In Getting List Of Users To Which We Have Chated"
2021-05-12 19:16:43[users.js] info: "Server Is Up And Running"
2021-05-12 19:16:56[users.js] info: "Database Succesfully Connected"
2021-05-12 19:16:57[users.js] info: "Token Succesfully Created In Register Route"
2021-05-12 19:16:57[users.js] info: "Token Succesfully Created In Login Route"
2021-05-12 19:16:58[users.js] info: "Successfully Retreived Global Messages"
2021-05-12 19:16:58[users.js] info: "Token Succesfully Created In Login Route"
2021-05-12 19:16:59[users.js] info: "Successfully In Posting Global Messages"
2021-05-12 19:17:00[users.js] info: "Token Succesfully Created In Login Route"
2021-05-12 19:17:00[users.js] info: "Successfully In Getting List Of Users To Which We Have Chated"
2021-05-12 19:17:01[users.js] info: "Token Succesfully Created In Login Route"
2021-05-12 19:17:02[users.js] info: "Successfully In Getting Conversation Between Two Users"
2021-05-12 19:17:02[users.js] info: "Token Succesfully Created In Login Route"
2021-05-12 19:17:03[users.js] info: "Succesful In Posting Private Messages"
2021-05-12 19:17:18[users.js] info: "Server Is Up And Running"
2021-05-12 19:17:30[users.js] info: "Database Succesfully Connected"
2021-05-12 19:17:41[users.js] info: "Token Succesfully Created In Login Route"
2021-05-12 19:17:41[users.js] info: "Successfully In Getting List Of Users To Which We Have Chated"
2021-05-12 19:17:43[users.js] info: "Successfully In Getting Conversation Between Two Users"
2021-05-12 19:17:43[users.js] info: "Successfully Retreived Global Messages"
2021-05-12 19:17:47[users.js] info: "Successfully Retreived Global Messages"
2021-05-12 19:17:48[users.js] info: "Successfully In Getting Conversation Between Two Users"
2021-05-12 19:17:53[users.js] info: "Successfully Retreived Global Messages"
2021-05-12 19:17:57[users.js] info: "Succesfully Retreived Users List"
2021-05-12 19:17:58[users.js] info: "Successfully In Getting Conversation Between Two Users"
2021-05-12 19:17:59[users.js] info: "Successfully In Getting Conversation Between Two Users"
2021-05-12 19:18:01[users.js] info: "Successfully In Getting List Of Users To Which We Have Chated"
2021-05-12 19:18:03[users.js] info: "Successfully In Getting Conversation Between Two Users"
2021-05-12 19:33:41[users.js] info: "Server Is Up And Running"
2021-05-12 19:33:53[users.js] info: "Database Succesfully Connected"
2021-05-12 19:34:19[users.js] info: "Token Succesfully Created In Login Route"
2021-05-12 19:34:20[users.js] info: "Successfully In Getting List Of Users To Which We Have Chated"
2021-05-12 19:34:22[users.js] info: "Successfully Retreived Global Messages"
2021-05-12 19:34:28[users.js] info: "Successfully In Getting Conversation Between Two Users"
2021-05-12 19:34:29[users.js] info: "Successfully Retreived Global Messages"
2021-05-12 19:34:31[users.js] info: "Succesfully Retreived Users List"
2021-05-12 19:34:33[users.js] info: "Successfully In Getting Conversation Between Two Users"
2021-05-12 19:34:33[users.js] info: "Successfully In Getting Conversation Between Two Users"
