2021-05-04 13:13:44[users.js] info: "Server Is Up And Running"
2021-05-04 13:13:44[users.js] info: "Database Succesfully Connected"
2021-05-04 13:14:23[users.js] info: "Successfully Retreived Global Messages"
2021-05-04 13:14:23[users.js] info: "Successfully In Getting List Of Users To Which We Have Chated"
2021-05-04 13:14:27[users.js] info: "Successfully In Getting Conversation Between Two Users"
2021-05-04 13:14:33[users.js] info: "Successfully Retreived Global Messages"
2021-05-04 13:14:34[users.js] info: "Succesfully Retreived Users List"
2021-05-04 13:14:34[users.js] info: "Successfully In Getting Conversation Between Two Users"
2021-05-04 13:14:36[users.js] info: "Successfully In Getting Conversation Between Two Users"
2021-05-04 13:14:36[users.js] info: "Successfully In Getting Conversation Between Two Users"
2021-05-04 13:14:37[users.js] info: "Successfully In Getting Conversation Between Two Users"
2021-05-04 13:14:38[users.js] info: "Successfully In Getting List Of Users To Which We Have Chated"
2021-05-04 13:14:39[users.js] info: "Successfully In Getting Conversation Between Two Users"
2021-05-04 13:32:24[users.js] info: "Server Is Up And Running"
2021-05-04 13:32:24[users.js] info: "Database Succesfully Connected"
2021-05-04 13:32:27[users.js] info: "Successfully In Getting List Of Users To Which We Have Chated"
2021-05-04 13:32:27[users.js] info: "Successfully Retreived Global Messages"
2021-05-04 13:32:51[users.js] info: "Server Is Up And Running"
2021-05-04 13:32:51[users.js] info: "Database Succesfully Connected"
2021-05-04 13:32:51[users.js] info: "Successfully In Getting List Of Users To Which We Have Chated"
2021-05-04 13:32:51[users.js] info: "Successfully Retreived Global Messages"
2021-05-04 13:34:31[users.js] info: "Successfully In Getting List Of Users To Which We Have Chated"
2021-05-04 13:34:31[users.js] info: "Successfully Retreived Global Messages"
2021-05-04 13:35:29[users.js] info: "Server Is Up And Running"
2021-05-04 13:35:29[users.js] info: "Database Succesfully Connected"
2021-05-04 13:35:55[users.js] info: "Server Is Up And Running"
2021-05-04 13:35:55[users.js] info: "Database Succesfully Connected"
2021-05-04 13:36:02[users.js] info: "Successfully In Getting List Of Users To Which We Have Chated"
2021-05-04 13:36:02[users.js] info: "Successfully Retreived Global Messages"
2021-05-04 13:36:25[users.js] info: "Server Is Up And Running"
2021-05-04 13:36:25[users.js] info: "Database Succesfully Connected"
2021-05-04 13:36:31[users.js] info: "Successfully Retreived Global Messages"
2021-05-04 13:36:31[users.js] info: "Successfully In Getting List Of Users To Which We Have Chated"
2021-05-04 13:36:33[users.js] info: "Succesfully Retreived Users List"
2021-05-04 13:36:34[users.js] info: "Successfully In Getting Conversation Between Two Users"
2021-05-04 13:36:36[users.js] info: "Successfully In Getting List Of Users To Which We Have Chated"
2021-05-04 13:36:41[users.js] info: "Successfully Retreived Global Messages"
2021-05-04 13:36:43[users.js] info: "Succesfully Retreived Users List"
2021-05-04 13:36:43[users.js] info: "Successfully In Getting Conversation Between Two Users"
2021-05-04 13:36:44[users.js] info: "Successfully In Getting Conversation Between Two Users"
2021-05-04 13:36:44[users.js] info: "Successfully In Getting Conversation Between Two Users"
2021-05-04 13:37:16[users.js] info: "Server Is Up And Running"
2021-05-04 13:37:16[users.js] info: "Database Succesfully Connected"
2021-05-04 13:37:21[users.js] info: "Successfully Retreived Global Messages"
2021-05-04 13:37:21[users.js] info: "Successfully In Getting List Of Users To Which We Have Chated"
2021-05-04 13:38:08[users.js] info: "Server Is Up And Running"
2021-05-04 13:38:08[users.js] info: "Database Succesfully Connected"
2021-05-04 13:38:12[users.js] info: "Successfully In Getting List Of Users To Which We Have Chated"
2021-05-04 13:38:12[users.js] info: "Successfully Retreived Global Messages"
2021-05-04 13:38:25[users.js] info: "Server Is Up And Running"
2021-05-04 13:38:25[users.js] info: "Database Succesfully Connected"
2021-05-04 13:39:07[users.js] info: "Successfully In Getting List Of Users To Which We Have Chated"
2021-05-04 13:39:07[users.js] info: "Successfully Retreived Global Messages"
2021-05-04 13:39:12[users.js] info: "Token Succesfully Created In Login Route"
2021-05-04 13:39:12[users.js] info: "Successfully In Getting List Of Users To Which We Have Chated"
2021-05-04 13:39:12[users.js] info: "Successfully Retreived Global Messages"
2021-05-04 13:39:18[users.js] info: "Successfully In Getting Conversation Between Two Users"
2021-05-04 13:39:19[users.js] info: "Successfully Retreived Global Messages"
2021-05-04 13:39:21[users.js] info: "Succesfully Retreived Users List"
2021-05-04 13:39:22[users.js] info: "Successfully In Getting Conversation Between Two Users"
2021-05-04 13:39:22[users.js] info: "Successfully In Getting Conversation Between Two Users"
2021-05-04 13:39:23[users.js] info: "Successfully In Getting Conversation Between Two Users"
2021-05-04 13:39:24[users.js] info: "Successfully In Getting Conversation Between Two Users"
2021-05-04 13:39:24[users.js] info: "Successfully In Getting Conversation Between Two Users"
2021-05-04 13:39:25[users.js] info: "Successfully In Getting Conversation Between Two Users"
2021-05-04 13:39:26[users.js] info: "Successfully In Getting List Of Users To Which We Have Chated"
2021-05-04 13:39:26[users.js] info: "Successfully Retreived Global Messages"
2021-05-04 13:39:27[users.js] info: "Successfully In Getting Conversation Between Two Users"
2021-05-04 13:41:38[users.js] info: "Server Is Up And Running"
2021-05-04 13:41:42[users.js] info: "Database Succesfully Connected"
2021-05-04 13:41:45[users.js] info: "Successfully In Getting List Of Users To Which We Have Chated"
2021-05-04 13:41:45[users.js] info: "Successfully Retreived Global Messages"
2021-05-04 13:41:47[users.js] info: "Succesfully Retreived Users List"
2021-05-04 13:41:49[users.js] info: "Successfully In Getting Conversation Between Two Users"
2021-05-04 13:41:57[users.js] info: "Successfully In Getting List Of Users To Which We Have Chated"
2021-05-04 13:41:57[users.js] info: "Successfully Retreived Global Messages"
2021-05-04 13:42:00[users.js] info: "Successfully In Getting Conversation Between Two Users"
2021-05-04 13:42:50[users.js] info: "Successfully In Getting Conversation Between Two Users"
2021-05-04 13:42:56[users.js] info: "Successfully In Getting List Of Users To Which We Have Chated"
2021-05-04 13:42:56[users.js] info: "Successfully Retreived Global Messages"
2021-05-04 13:43:02[users.js] info: "Succesfully Retreived Users List"
2021-05-04 13:43:04[users.js] info: "Successfully In Getting Conversation Between Two Users"
2021-05-04 13:43:35[users.js] info: "Server Is Up And Running"
2021-05-04 13:43:35[users.js] info: "Database Succesfully Connected"
2021-05-04 13:43:37[users.js] info: "Successfully In Getting List Of Users To Which We Have Chated"
2021-05-04 13:43:37[users.js] info: "Successfully Retreived Global Messages"
2021-05-04 13:43:40[users.js] info: "Successfully In Getting Conversation Between Two Users"
2021-05-04 13:43:44[users.js] info: "Succesfully Retreived Users List"
2021-05-04 13:43:44[users.js] info: "Successfully In Getting Conversation Between Two Users"
2021-05-04 13:43:45[users.js] info: "Successfully In Getting Conversation Between Two Users"
2021-05-04 13:43:46[users.js] info: "Successfully In Getting List Of Users To Which We Have Chated"
2021-05-04 13:43:47[users.js] info: "Successfully Retreived Global Messages"
2021-05-04 13:43:58[users.js] info: "Server Is Up And Running"
2021-05-04 13:44:02[users.js] info: "Database Succesfully Connected"
2021-05-04 13:44:02[users.js] info: "Succesfully Retreived Users List"
2021-05-04 13:44:02[users.js] info: "Successfully In Getting List Of Users To Which We Have Chated"
2021-05-04 13:44:03[users.js] info: "Successfully Retreived Global Messages"
2021-05-04 13:44:04[users.js] info: "Successfully In Getting Conversation Between Two Users"
2021-05-04 13:47:52[users.js] info: "Server Is Up And Running"
2021-05-04 13:49:07[users.js] error: "Database Connection Failed"
2021-05-04 13:50:47[users.js] info: "Server Is Up And Running"
2021-05-04 13:50:52[users.js] info: "Database Succesfully Connected"
2021-05-04 13:51:30[users.js] info: "Server Is Up And Running"
2021-05-04 13:51:35[users.js] info: "Database Succesfully Connected"
2021-05-04 13:52:10[users.js] info: "Successfully In Getting List Of Users To Which We Have Chated"
2021-05-04 13:52:10[users.js] info: "Successfully Retreived Global Messages"
2021-05-04 13:52:12[users.js] info: "Succesfully Retreived Users List"
2021-05-04 13:52:14[users.js] info: "Successfully In Getting Conversation Between Two Users"
2021-05-04 13:57:44[users.js] info: "Server Is Up And Running"
2021-05-04 13:57:49[users.js] info: "Database Succesfully Connected"
2021-05-04 13:57:58[users.js] info: "Successfully In Getting List Of Users To Which We Have Chated"
2021-05-04 13:57:58[users.js] info: "Successfully Retreived Global Messages"
2021-05-04 13:58:02[users.js] info: "Succesfully Retreived Users List"
2021-05-04 13:58:03[users.js] info: "Successfully In Getting Conversation Between Two Users"
2021-05-04 14:02:41[users.js] info: "Server Is Up And Running"
2021-05-04 14:02:45[users.js] info: "Database Succesfully Connected"
2021-05-04 14:04:27[users.js] info: "Server Is Up And Running"
2021-05-04 14:04:32[users.js] info: "Database Succesfully Connected"
2021-05-04 14:05:07[users.js] info: "Successfully In Getting List Of Users To Which We Have Chated"
2021-05-04 14:05:08[users.js] info: "Successfully Retreived Global Messages"
2021-05-04 14:05:39[users.js] info: "Succesfully Retreived Users List"
2021-05-04 14:05:39[users.js] info: "Successfully In Getting List Of Users To Which We Have Chated"
2021-05-04 14:05:40[users.js] info: "Successfully In Getting Conversation Between Two Users"
2021-05-04 14:05:56[users.js] info: "Successfully In Getting List Of Users To Which We Have Chated"
2021-05-04 14:05:56[users.js] info: "Successfully Retreived Global Messages"
2021-05-04 14:11:31[users.js] info: "Server Is Up And Running"
2021-05-04 14:11:36[users.js] info: "Database Succesfully Connected"
2021-05-04 14:11:58[users.js] info: "Successfully In Getting List Of Users To Which We Have Chated"
2021-05-04 14:11:58[users.js] info: "Successfully Retreived Global Messages"
2021-05-04 14:12:28[users.js] info: "Successfully In Getting Conversation Between Two Users"
2021-05-04 14:13:26[users.js] info: "Server Is Up And Running"
2021-05-04 14:13:28[users.js] info: "Database Succesfully Connected"
2021-05-04 14:13:43[users.js] info: "Successfully In Getting List Of Users To Which We Have Chated"
2021-05-04 14:13:43[users.js] info: "Successfully Retreived Global Messages"
2021-05-04 14:13:46[users.js] info: "Successfully In Getting Conversation Between Two Users"
2021-05-04 14:14:31[users.js] info: "Server Is Up And Running"
2021-05-04 14:14:34[users.js] info: "Database Succesfully Connected"
2021-05-04 14:16:41[users.js] info: "Server Is Up And Running"
2021-05-04 14:16:44[users.js] info: "Database Succesfully Connected"
2021-05-04 14:17:14[users.js] info: "Successfully In Getting List Of Users To Which We Have Chated"
2021-05-04 14:17:16[users.js] info: "Successfully Retreived Global Messages"
2021-05-04 14:17:23[users.js] info: "Succesfully Retreived Users List"
2021-05-04 14:17:24[users.js] info: "Successfully In Getting List Of Users To Which We Have Chated"
2021-05-04 14:17:27[users.js] info: "Successfully In Getting Conversation Between Two Users"
2021-05-04 14:19:42[users.js] info: "Server Is Up And Running"
2021-05-04 14:19:42[users.js] info: "Database Succesfully Connected"
2021-05-04 14:19:52[users.js] info: "Successfully In Getting List Of Users To Which We Have Chated"
2021-05-04 14:19:52[users.js] info: "Successfully Retreived Global Messages"
2021-05-04 14:19:57[users.js] info: "Succesfully Retreived Users List"
2021-05-04 14:19:58[users.js] info: "Successfully In Getting List Of Users To Which We Have Chated"
2021-05-04 14:19:59[users.js] info: "Successfully In Getting Conversation Between Two Users"
2021-05-04 15:06:18[users.js] info: "Server Is Up And Running"
2021-05-04 15:06:21[users.js] info: "Database Succesfully Connected"
2021-05-04 15:06:45[users.js] info: "Successfully In Getting List Of Users To Which We Have Chated"
2021-05-04 15:06:47[users.js] info: "Successfully In Getting Conversation Between Two Users"
2021-05-04 15:06:47[users.js] info: "Successfully Retreived Global Messages"
2021-05-04 15:07:11[users.js] info: "Successfully In Getting List Of Users To Which We Have Chated"
2021-05-04 15:07:11[users.js] info: "Successfully Retreived Global Messages"
